<?xml version="1.0" encoding="UTF-8"?>
<!-- Generated by org.testng.reporters.JUnitReportReporter -->
<testsuite skipped="0" hostname="SON04601" name="com.qa.tests.SignInPageTests" tests="3" failures="0" timestamp="2020-04-24T12:53:43 EDT" time="17.820" errors="0">
  <testcase name="invalidUserName" time="8.854" classname="com.qa.tests.SignInPageTests"/>
  <system-out/>
  <testcase name="validUserName" time="7.911" classname="com.qa.tests.SignInPageTests"/>
  <system-out/>
  <testcase name="signOut" time="1.055" classname="com.qa.tests.SignInPageTests"/>
  <system-out/>
</testsuite> <!-- com.qa.tests.SignInPageTests -->
