<?xml version="1.0" encoding="UTF-8"?>
<!-- Generated by org.testng.reporters.JUnitReportReporter -->
<testsuite skipped="0" hostname="SON04601" name="com.qa.tests.SignInPageTests" tests="2" failures="0" timestamp="2020-04-23T16:09:48 EDT" time="18.511" errors="0">
  <testcase name="validUserName" time="8.160" classname="com.qa.tests.SignInPageTests"/>
  <system-out/>
  <testcase name="invalidUserName" time="10.351" classname="com.qa.tests.SignInPageTests"/>
  <system-out/>
</testsuite> <!-- com.qa.tests.SignInPageTests -->
