<?xml version="1.0" encoding="UTF-8"?>
<!-- Generated by org.testng.reporters.JUnitReportReporter -->
<testsuite skipped="0" hostname="SON04601" name="com.qa.tests.SignInPageTests" tests="2" failures="0" timestamp="2020-04-21T17:35:19 EDT" time="16.548" errors="0">
  <testcase name="validUserName" time="8.332" classname="com.qa.tests.SignInPageTests"/>
  <system-out/>
  <testcase name="invalidUserName" time="8.216" classname="com.qa.tests.SignInPageTests"/>
  <system-out/>
</testsuite> <!-- com.qa.tests.SignInPageTests -->
